<?xml version="1.0" encoding="UTF-8"?>
<!-- Generated by org.testng.reporters.JUnitReportReporter -->
<testsuite hostname="PQA-0591LT" failures="0" tests="1" name="com.obsqura.tests.ManageExpense" time="1.240" errors="0" timestamp="2023-10-02T23:34:39 EDT" skipped="0">
  <testcase classname="com.obsqura.tests.ManageExpense" name="ManageExpenseTest" time="1.240"/>
  <system-out/>
</testsuite> <!-- com.obsqura.tests.ManageExpense -->
