<?xml version="1.0" encoding="UTF-8"?>
<!-- Generated by org.testng.reporters.JUnitReportReporter -->
<testsuite hostname="PQA-0591LT" failures="0" tests="1" name="com.obsqura.tests.CreateDeleteExpenseTest" time="6.968" errors="0" timestamp="2023-10-10T22:58:14 EDT" skipped="0">
  <testcase classname="com.obsqura.tests.CreateDeleteExpenseTest" name="ManageExpenseTest" time="6.968"/>
  <system-out/>
</testsuite> <!-- com.obsqura.tests.CreateDeleteExpenseTest -->
