<?xml version="1.0" encoding="UTF-8"?>
<!-- Generated by org.testng.reporters.JUnitReportReporter -->
<testsuite hostname="PQA-0591LT" failures="0" tests="1" name="com.obsqura.tests.UpdatePaymentTest" time="8.808" errors="0" timestamp="2023-10-10T22:58:14 EDT" skipped="0">
  <testcase classname="com.obsqura.tests.UpdatePaymentTest" name="UpdateCreditPayment" time="8.808"/>
  <system-out/>
</testsuite> <!-- com.obsqura.tests.UpdatePaymentTest -->
