<?xml version="1.0" encoding="UTF-8"?>
<!-- Generated by org.testng.reporters.JUnitReportReporter -->
<testsuite hostname="PQA-0591LT" failures="0" tests="1" name="com.obsqura.utilities.ExcelReaderUtility" time="0.657" errors="0" timestamp="2023-10-17T23:20:14 EDT" skipped="0">
  <testcase classname="com.obsqura.utilities.ExcelReaderUtility" name="readDataFromExcel" time="0.657"/>
  <system-out/>
</testsuite> <!-- com.obsqura.utilities.ExcelReaderUtility -->
