<?xml version="1.0" encoding="UTF-8"?>
<!-- Generated by org.testng.reporters.JUnitReportReporter -->
<testsuite hostname="PQA-0591LT" failures="0" tests="1" name="com.obsqura.tests.ManageExpense" time="5.437" errors="0" timestamp="2023-10-04T23:27:51 EDT" skipped="0">
  <testcase classname="com.obsqura.tests.ManageExpense" name="ManageExpenseTest" time="5.437"/>
  <system-out/>
</testsuite> <!-- com.obsqura.tests.ManageExpense -->
