<?xml version="1.0" encoding="UTF-8"?>
<!-- Generated by org.testng.reporters.JUnitReportReporter -->
<testsuite hostname="PQA-0591LT" failures="0" tests="1" name="com.obsqura.tests.SearchProductTest" time="11.275" errors="0" timestamp="2023-10-16T23:41:42 EDT" skipped="0">
  <testcase classname="com.obsqura.tests.SearchProductTest" name="SearchProduct" time="11.275"/>
  <system-out/>
</testsuite> <!-- com.obsqura.tests.SearchProductTest -->
