<?xml version="1.0" encoding="UTF-8"?>
<!-- Generated by org.testng.reporters.JUnitReportReporter -->
<testsuite hostname="PQA-0591LT" failures="0" tests="1" name="com.obsqura.tests.SearchProductTest" time="6.915" errors="0" timestamp="2023-10-10T22:58:14 EDT" skipped="0">
  <testcase classname="com.obsqura.tests.SearchProductTest" name="SearchProduct" time="6.915"/>
  <system-out/>
</testsuite> <!-- com.obsqura.tests.SearchProductTest -->
