<?xml version="1.0" encoding="UTF-8"?>
<!-- Generated by org.testng.reporters.JUnitReportReporter -->
<testsuite hostname="PQA-0591LT" failures="0" tests="1" name="com.obsqura.tests.SearchProductTest" time="2.746" errors="0" timestamp="2023-10-08T23:38:43 EDT" skipped="0">
  <testcase classname="com.obsqura.tests.SearchProductTest" name="SearchProduct" time="2.746"/>
  <system-out/>
</testsuite> <!-- com.obsqura.tests.SearchProductTest -->
