<?xml version="1.0" encoding="UTF-8"?>
<!-- Generated by org.testng.reporters.JUnitReportReporter -->
<testsuite hostname="PQA-0591LT" failures="0" tests="1" name="com.obsqura.tests.CreateContact" time="21.388" errors="0" timestamp="2023-10-17T23:46:07 EDT" skipped="0">
  <testcase classname="com.obsqura.tests.CreateContact" name="CreateContactTest" time="21.388"/>
  <system-out/>
</testsuite> <!-- com.obsqura.tests.CreateContact -->
