<?xml version="1.0" encoding="UTF-8"?>
<!-- Generated by org.testng.reporters.JUnitReportReporter -->
<testsuite hostname="PQA-0591LT" failures="0" tests="1" name="com.obsqura.tests.CreateDeleteExpense" time="4.617" errors="0" timestamp="2023-10-05T23:50:23 EDT" skipped="0">
  <testcase classname="com.obsqura.tests.CreateDeleteExpense" name="ManageExpenseTest" time="4.617"/>
  <system-out/>
</testsuite> <!-- com.obsqura.tests.CreateDeleteExpense -->
